<?xml version="1.0" encoding="UTF-8"?>
<!-- Generated by org.testng.reporters.JUnitReportReporter -->
<testsuite hostname="LAPTOP-CLFNCB6U" failures="0" tests="3" name="rizwan.HW4" time="62.504" errors="0" timestamp="2022-01-11T01:02:00 EST" skipped="0">
  <testcase classname="rizwan.HW4" name="householdNav" time="14.346"/>
  <system-out/>
  <testcase classname="rizwan.HW4" name="linksCount" time="30.672"/>
  <system-out/>
  <testcase classname="rizwan.HW4" name="shopNav" time="17.486"/>
  <system-out/>
</testsuite> <!-- rizwan.HW4 -->
